<?xml version="1.0" encoding="UTF-8"?>
<!-- Generated by org.testng.reporters.JUnitReportReporter -->
<testsuite skipped="0" hostname="DESKTOP-OL5560M" name="ParaBank.TestCases.HomePage_TC02" tests="1" failures="0" timestamp="04 Jan 2020 16:08:06 GMT" time="5.366" errors="0">
  <testcase name="TitleOfThePageClickingOnPARABANKlogo" time="5.366" classname="ParaBank.TestCases.HomePage_TC02"/>
</testsuite> <!-- ParaBank.TestCases.HomePage_TC02 -->
