<?xml version="1.0" encoding="UTF-8"?>
<!-- Generated by org.testng.reporters.JUnitReportReporter -->
<testsuite skipped="0" hostname="DESKTOP-OL5560M" name="ParaBank.TestCases.HomePage_TC01" tests="1" failures="0" timestamp="02 Sep 2020 08:07:46 GMT" time="15.993" errors="0">
  <testcase name="Verify_PARA_BANK_logo_is_present_with_the_caption" time="15.993" classname="ParaBank.TestCases.HomePage_TC01"/>
</testsuite> <!-- ParaBank.TestCases.HomePage_TC01 -->
