<?xml version="1.0" encoding="UTF-8"?>
<!-- Generated by org.testng.reporters.JUnitReportReporter -->
<testsuite skipped="0" hostname="DESKTOP-OL5560M" name="ParaBank.TestCases.HomePage_TC02" tests="1" failures="0" timestamp="02 Sep 2020 08:09:43 GMT" time="14.435" errors="0">
  <testcase name="TitleOfThePageClickingOnPARABANKlogo" time="14.435" classname="ParaBank.TestCases.HomePage_TC02"/>
</testsuite> <!-- ParaBank.TestCases.HomePage_TC02 -->
