<?xml version="1.0" encoding="UTF-8"?>
<!-- Generated by org.testng.reporters.JUnitReportReporter -->
<testsuite skipped="0" hostname="DESKTOP-OL5560M" name="ParaBank.TestCases.HomePage_TC01" tests="1" failures="0" timestamp="04 Jan 2020 16:08:06 GMT" time="4.828" errors="0">
  <testcase name="Verify_PARA_BANK_logo_is_present_with_the_caption" time="4.828" classname="ParaBank.TestCases.HomePage_TC01"/>
</testsuite> <!-- ParaBank.TestCases.HomePage_TC01 -->
