<?xml version="1.0" encoding="UTF-8"?>
<!-- Generated by org.testng.reporters.JUnitReportReporter -->
<testsuite skipped="0" hostname="DESKTOP-OL5560M" name="ParaBank.TestCases.HomePage_TC03" tests="5" failures="0" timestamp="02 Sep 2020 13:21:54 GMT" time="15.851" errors="0">
  <testcase name="OnlyUsername" time="3.031" classname="ParaBank.TestCases.HomePage_TC03"/>
  <testcase name="ValidUserNamePassword" time="3.205" classname="ParaBank.TestCases.HomePage_TC03"/>
  <testcase name="InvalidUserNamePassword" time="3.923" classname="ParaBank.TestCases.HomePage_TC03"/>
  <testcase name="OnlyPassword" time="2.390" classname="ParaBank.TestCases.HomePage_TC03"/>
  <testcase name="BlankUserNamePassword" time="3.302" classname="ParaBank.TestCases.HomePage_TC03"/>
</testsuite> <!-- ParaBank.TestCases.HomePage_TC03 -->
