<?xml version="1.0" encoding="UTF-8"?>
<!-- Generated by org.testng.reporters.JUnitReportReporter -->
<testsuite skipped="0" hostname="DESKTOP-OL5560M" name="QAProject.TravelYaari.TestCases.FindBusWithMinPrice" tests="1" failures="0" timestamp="19 Mar 2019 16:08:50 GMT" time="5.339" errors="0">
  <testcase name="getMinimumPriceDetails" time="5.339" classname="QAProject.TravelYaari.TestCases.FindBusWithMinPrice"/>
</testsuite> <!-- QAProject.TravelYaari.TestCases.FindBusWithMinPrice -->
