<?xml version="1.0" encoding="UTF-8"?>
<!-- Generated by org.testng.reporters.JUnitReportReporter -->
<testsuite skipped="0" hostname="DESKTOP-OL5560M" name="QAProject.TravelYaari.TestCases.ChangeFromDateValidation" tests="1" failures="0" timestamp="16 Mar 2019 17:11:17 GMT" time="14.099" errors="0">
  <testcase name="selectDate" time="14.099" classname="QAProject.TravelYaari.TestCases.ChangeFromDateValidation"/>
</testsuite> <!-- QAProject.TravelYaari.TestCases.ChangeFromDateValidation -->
